08:53:15:945  INFO 10504 --- [main] com.hmall.HMallApplication               : Starting HMallApplication using Java 17.0.14 on LAPTOP-RCD2EBQ7 with PID 10504 (D:\ADevPlan\abackend\java-cloud-server\cloud-server\hmall\hm-service\target\classes started by Konoha in D:\ADevPlan\abackend\java-cloud-server\cloud-server\hmall)
08:53:15:945 DEBUG 10504 --- [main] com.hmall.HMallApplication               : Running with Spring Boot v2.7.12, Spring v5.3.27
08:53:15:945  INFO 10504 --- [main] com.hmall.HMallApplication               : The following 1 profile is active: "dev"
08:53:16:616  INFO 10504 --- [main] .s.d.r.c.RepositoryConfigurationDelegate : Multiple Spring Data modules found, entering strict repository configuration mode
08:53:16:621  INFO 10504 --- [main] .s.d.r.c.RepositoryConfigurationDelegate : Bootstrapping Spring Data Redis repositories in DEFAULT mode.
08:53:16:645  INFO 10504 --- [main] .s.d.r.c.RepositoryConfigurationDelegate : Finished Spring Data repository scanning in 9 ms. Found 0 Redis repository interfaces.
08:53:17:166  INFO 10504 --- [main] o.s.b.w.embedded.tomcat.TomcatWebServer  : Tomcat initialized with port(s): 8080 (http)
08:53:17:174  INFO 10504 --- [main] o.apache.catalina.core.StandardService   : Starting service [Tomcat]
08:53:17:174  INFO 10504 --- [main] org.apache.catalina.core.StandardEngine  : Starting Servlet engine: [Apache Tomcat/9.0.75]
08:53:23:876  INFO 10504 --- [main] o.a.c.c.C.[Tomcat].[localhost].[/]       : Initializing Spring embedded WebApplicationContext
08:53:23:878  INFO 10504 --- [main] w.s.c.ServletWebServerApplicationContext : Root WebApplicationContext: initialization completed in 7891 ms
08:53:27:049  INFO 10504 --- [main] pertySourcedRequestMappingHandlerMapping : Mapped URL path [/v2/api-docs] onto method [springfox.documentation.swagger2.web.Swagger2ControllerWebMvc#getDocumentation(String, HttpServletRequest)]
08:53:27:803  INFO 10504 --- [main] o.s.b.w.embedded.tomcat.TomcatWebServer  : Tomcat started on port(s): 8080 (http) with context path ''
08:53:27:804  INFO 10504 --- [main] d.s.w.p.DocumentationPluginsBootstrapper : Documentation plugins bootstrapped
08:53:27:811  INFO 10504 --- [main] d.s.w.p.DocumentationPluginsBootstrapper : Found 1 custom documentation plugin(s)
08:53:27:882  INFO 10504 --- [main] s.d.s.w.s.ApiListingReferenceScanner     : Scanning for api listing references
08:53:28:279  INFO 10504 --- [main] com.hmall.HMallApplication               : Started HMallApplication in 12.67 seconds (JVM running for 17.671)
08:53:37:843  INFO 10504 --- [http-nio-8080-exec-5] o.a.c.c.C.[Tomcat].[localhost].[/]       : Initializing Spring DispatcherServlet 'dispatcherServlet'
08:53:37:844  INFO 10504 --- [http-nio-8080-exec-5] o.s.web.servlet.DispatcherServlet        : Initializing Servlet 'dispatcherServlet'
08:53:37:846  INFO 10504 --- [http-nio-8080-exec-5] o.s.web.servlet.DispatcherServlet        : Completed initialization in 2 ms
